C:\USERS\MARTIN\DOCUMENTS\VISUAL STUDIO 2010\PROJECTS\LPO\DEBUG\PROCESSHELPER.DLL
C:\USERS\MARTIN\DOCUMENTS\VISUAL STUDIO 2010\PROJECTS\LPO\DEBUG\PROCESSHELPER.ILK
C:\USERS\MARTIN\DOCUMENTS\VISUAL STUDIO 2010\PROJECTS\LPO\DEBUG\PROCESSHELPER.PDB
C:\Users\Martin\documents\visual studio 2010\Projects\LPO\ProcessHelper\Debug\.NETFramework,Version=v4.0.AssemblyAttributes.obj
C:\USERS\MARTIN\DOCUMENTS\VISUAL STUDIO 2010\PROJECTS\LPO\PROCESSHELPER\DEBUG\APP.RES
C:\USERS\MARTIN\DOCUMENTS\VISUAL STUDIO 2010\PROJECTS\LPO\PROCESSHELPER\DEBUG\ASSEMBLYINFO.OBJ
C:\Users\Martin\documents\visual studio 2010\Projects\LPO\ProcessHelper\Debug\cl.command.1.tlog
C:\Users\Martin\documents\visual studio 2010\Projects\LPO\ProcessHelper\Debug\CL.read.1.tlog
C:\Users\Martin\documents\visual studio 2010\Projects\LPO\ProcessHelper\Debug\CL.write.1.tlog
C:\Users\Martin\documents\visual studio 2010\Projects\LPO\ProcessHelper\Debug\link.10028.read.1.tlog
C:\Users\Martin\documents\visual studio 2010\Projects\LPO\ProcessHelper\Debug\link.10028.write.1.tlog
C:\Users\Martin\documents\visual studio 2010\Projects\LPO\ProcessHelper\Debug\link.10028-cvtres.read.1.tlog
C:\Users\Martin\documents\visual studio 2010\Projects\LPO\ProcessHelper\Debug\link.10028-cvtres.write.1.tlog
C:\Users\Martin\documents\visual studio 2010\Projects\LPO\ProcessHelper\Debug\link.10192.read.1.tlog
C:\Users\Martin\documents\visual studio 2010\Projects\LPO\ProcessHelper\Debug\link.10192.write.1.tlog
C:\Users\Martin\documents\visual studio 2010\Projects\LPO\ProcessHelper\Debug\link.10192-cvtres.read.1.tlog
C:\Users\Martin\documents\visual studio 2010\Projects\LPO\ProcessHelper\Debug\link.10192-cvtres.write.1.tlog
C:\Users\Martin\documents\visual studio 2010\Projects\LPO\ProcessHelper\Debug\link.10268.read.1.tlog
C:\Users\Martin\documents\visual studio 2010\Projects\LPO\ProcessHelper\Debug\link.10268.write.1.tlog
C:\Users\Martin\documents\visual studio 2010\Projects\LPO\ProcessHelper\Debug\link.10268-cvtres.read.1.tlog
C:\Users\Martin\documents\visual studio 2010\Projects\LPO\ProcessHelper\Debug\link.10268-cvtres.write.1.tlog
C:\Users\Martin\documents\visual studio 2010\Projects\LPO\ProcessHelper\Debug\link.10948.read.1.tlog
C:\Users\Martin\documents\visual studio 2010\Projects\LPO\ProcessHelper\Debug\link.10948.write.1.tlog
C:\Users\Martin\documents\visual studio 2010\Projects\LPO\ProcessHelper\Debug\link.10948-cvtres.read.1.tlog
C:\Users\Martin\documents\visual studio 2010\Projects\LPO\ProcessHelper\Debug\link.10948-cvtres.write.1.tlog
C:\Users\Martin\documents\visual studio 2010\Projects\LPO\ProcessHelper\Debug\link.10996.read.1.tlog
C:\Users\Martin\documents\visual studio 2010\Projects\LPO\ProcessHelper\Debug\link.10996.write.1.tlog
C:\Users\Martin\documents\visual studio 2010\Projects\LPO\ProcessHelper\Debug\link.10996-cvtres.read.1.tlog
C:\Users\Martin\documents\visual studio 2010\Projects\LPO\ProcessHelper\Debug\link.10996-cvtres.write.1.tlog
C:\Users\Martin\documents\visual studio 2010\Projects\LPO\ProcessHelper\Debug\link.11132.read.1.tlog
C:\Users\Martin\documents\visual studio 2010\Projects\LPO\ProcessHelper\Debug\link.11132.write.1.tlog
C:\Users\Martin\documents\visual studio 2010\Projects\LPO\ProcessHelper\Debug\link.11132-cvtres.read.1.tlog
C:\Users\Martin\documents\visual studio 2010\Projects\LPO\ProcessHelper\Debug\link.11132-cvtres.write.1.tlog
C:\Users\Martin\documents\visual studio 2010\Projects\LPO\ProcessHelper\Debug\link.11136.read.1.tlog
C:\Users\Martin\documents\visual studio 2010\Projects\LPO\ProcessHelper\Debug\link.11136.write.1.tlog
C:\Users\Martin\documents\visual studio 2010\Projects\LPO\ProcessHelper\Debug\link.11136-cvtres.read.1.tlog
C:\Users\Martin\documents\visual studio 2010\Projects\LPO\ProcessHelper\Debug\link.11136-cvtres.write.1.tlog
C:\Users\Martin\documents\visual studio 2010\Projects\LPO\ProcessHelper\Debug\link.1156.read.1.tlog
C:\Users\Martin\documents\visual studio 2010\Projects\LPO\ProcessHelper\Debug\link.1156.write.1.tlog
C:\Users\Martin\documents\visual studio 2010\Projects\LPO\ProcessHelper\Debug\link.1156-cvtres.read.1.tlog
C:\Users\Martin\documents\visual studio 2010\Projects\LPO\ProcessHelper\Debug\link.1156-cvtres.write.1.tlog
C:\Users\Martin\documents\visual studio 2010\Projects\LPO\ProcessHelper\Debug\link.1968.read.1.tlog
C:\Users\Martin\documents\visual studio 2010\Projects\LPO\ProcessHelper\Debug\link.1968.write.1.tlog
C:\Users\Martin\documents\visual studio 2010\Projects\LPO\ProcessHelper\Debug\link.1968-cvtres.read.1.tlog
C:\Users\Martin\documents\visual studio 2010\Projects\LPO\ProcessHelper\Debug\link.1968-cvtres.write.1.tlog
C:\Users\Martin\documents\visual studio 2010\Projects\LPO\ProcessHelper\Debug\link.3208.read.1.tlog
C:\Users\Martin\documents\visual studio 2010\Projects\LPO\ProcessHelper\Debug\link.3208.write.1.tlog
C:\Users\Martin\documents\visual studio 2010\Projects\LPO\ProcessHelper\Debug\link.3208-cvtres.read.1.tlog
C:\Users\Martin\documents\visual studio 2010\Projects\LPO\ProcessHelper\Debug\link.3208-cvtres.write.1.tlog
C:\Users\Martin\documents\visual studio 2010\Projects\LPO\ProcessHelper\Debug\link.3452.read.1.tlog
C:\Users\Martin\documents\visual studio 2010\Projects\LPO\ProcessHelper\Debug\link.3452.write.1.tlog
C:\Users\Martin\documents\visual studio 2010\Projects\LPO\ProcessHelper\Debug\link.3452-cvtres.read.1.tlog
C:\Users\Martin\documents\visual studio 2010\Projects\LPO\ProcessHelper\Debug\link.3452-cvtres.write.1.tlog
C:\Users\Martin\documents\visual studio 2010\Projects\LPO\ProcessHelper\Debug\link.3668.read.1.tlog
C:\Users\Martin\documents\visual studio 2010\Projects\LPO\ProcessHelper\Debug\link.3668.write.1.tlog
C:\Users\Martin\documents\visual studio 2010\Projects\LPO\ProcessHelper\Debug\link.3668-cvtres.read.1.tlog
C:\Users\Martin\documents\visual studio 2010\Projects\LPO\ProcessHelper\Debug\link.3668-cvtres.write.1.tlog
C:\Users\Martin\documents\visual studio 2010\Projects\LPO\ProcessHelper\Debug\link.5504.read.1.tlog
C:\Users\Martin\documents\visual studio 2010\Projects\LPO\ProcessHelper\Debug\link.5504.write.1.tlog
C:\Users\Martin\documents\visual studio 2010\Projects\LPO\ProcessHelper\Debug\link.5504-cvtres.read.1.tlog
C:\Users\Martin\documents\visual studio 2010\Projects\LPO\ProcessHelper\Debug\link.5504-cvtres.write.1.tlog
C:\Users\Martin\documents\visual studio 2010\Projects\LPO\ProcessHelper\Debug\link.6692.read.1.tlog
C:\Users\Martin\documents\visual studio 2010\Projects\LPO\ProcessHelper\Debug\link.6692.write.1.tlog
C:\Users\Martin\documents\visual studio 2010\Projects\LPO\ProcessHelper\Debug\link.6692-cvtres.read.1.tlog
C:\Users\Martin\documents\visual studio 2010\Projects\LPO\ProcessHelper\Debug\link.6692-cvtres.write.1.tlog
C:\Users\Martin\documents\visual studio 2010\Projects\LPO\ProcessHelper\Debug\link.7076.read.1.tlog
C:\Users\Martin\documents\visual studio 2010\Projects\LPO\ProcessHelper\Debug\link.7076.write.1.tlog
C:\Users\Martin\documents\visual studio 2010\Projects\LPO\ProcessHelper\Debug\link.7076-cvtres.read.1.tlog
C:\Users\Martin\documents\visual studio 2010\Projects\LPO\ProcessHelper\Debug\link.7076-cvtres.write.1.tlog
C:\Users\Martin\documents\visual studio 2010\Projects\LPO\ProcessHelper\Debug\link.724.read.1.tlog
C:\Users\Martin\documents\visual studio 2010\Projects\LPO\ProcessHelper\Debug\link.724.write.1.tlog
C:\Users\Martin\documents\visual studio 2010\Projects\LPO\ProcessHelper\Debug\link.724-cvtres.read.1.tlog
C:\Users\Martin\documents\visual studio 2010\Projects\LPO\ProcessHelper\Debug\link.724-cvtres.write.1.tlog
C:\Users\Martin\documents\visual studio 2010\Projects\LPO\ProcessHelper\Debug\link.7640.read.1.tlog
C:\Users\Martin\documents\visual studio 2010\Projects\LPO\ProcessHelper\Debug\link.7640.write.1.tlog
C:\Users\Martin\documents\visual studio 2010\Projects\LPO\ProcessHelper\Debug\link.7640-cvtres.read.1.tlog
C:\Users\Martin\documents\visual studio 2010\Projects\LPO\ProcessHelper\Debug\link.7640-cvtres.write.1.tlog
C:\Users\Martin\documents\visual studio 2010\Projects\LPO\ProcessHelper\Debug\link.7644.read.1.tlog
C:\Users\Martin\documents\visual studio 2010\Projects\LPO\ProcessHelper\Debug\link.7644.write.1.tlog
C:\Users\Martin\documents\visual studio 2010\Projects\LPO\ProcessHelper\Debug\link.7644-cvtres.read.1.tlog
C:\Users\Martin\documents\visual studio 2010\Projects\LPO\ProcessHelper\Debug\link.7644-cvtres.write.1.tlog
C:\Users\Martin\documents\visual studio 2010\Projects\LPO\ProcessHelper\Debug\link.7716.read.1.tlog
C:\Users\Martin\documents\visual studio 2010\Projects\LPO\ProcessHelper\Debug\link.7716.write.1.tlog
C:\Users\Martin\documents\visual studio 2010\Projects\LPO\ProcessHelper\Debug\link.7716-cvtres.read.1.tlog
C:\Users\Martin\documents\visual studio 2010\Projects\LPO\ProcessHelper\Debug\link.7716-cvtres.write.1.tlog
C:\Users\Martin\documents\visual studio 2010\Projects\LPO\ProcessHelper\Debug\link.8056.read.1.tlog
C:\Users\Martin\documents\visual studio 2010\Projects\LPO\ProcessHelper\Debug\link.8056.write.1.tlog
C:\Users\Martin\documents\visual studio 2010\Projects\LPO\ProcessHelper\Debug\link.8056-cvtres.read.1.tlog
C:\Users\Martin\documents\visual studio 2010\Projects\LPO\ProcessHelper\Debug\link.8056-cvtres.write.1.tlog
C:\Users\Martin\documents\visual studio 2010\Projects\LPO\ProcessHelper\Debug\link.900.read.1.tlog
C:\Users\Martin\documents\visual studio 2010\Projects\LPO\ProcessHelper\Debug\link.900.write.1.tlog
C:\Users\Martin\documents\visual studio 2010\Projects\LPO\ProcessHelper\Debug\link.900-cvtres.read.1.tlog
C:\Users\Martin\documents\visual studio 2010\Projects\LPO\ProcessHelper\Debug\link.900-cvtres.write.1.tlog
C:\Users\Martin\documents\visual studio 2010\Projects\LPO\ProcessHelper\Debug\link.9044.read.1.tlog
C:\Users\Martin\documents\visual studio 2010\Projects\LPO\ProcessHelper\Debug\link.9044.write.1.tlog
C:\Users\Martin\documents\visual studio 2010\Projects\LPO\ProcessHelper\Debug\link.9044-cvtres.read.1.tlog
C:\Users\Martin\documents\visual studio 2010\Projects\LPO\ProcessHelper\Debug\link.9044-cvtres.write.1.tlog
C:\Users\Martin\documents\visual studio 2010\Projects\LPO\ProcessHelper\Debug\link.command.1.tlog
C:\Users\Martin\documents\visual studio 2010\Projects\LPO\ProcessHelper\Debug\link.read.1.tlog
C:\Users\Martin\documents\visual studio 2010\Projects\LPO\ProcessHelper\Debug\link.write.1.tlog
C:\Users\Martin\documents\visual studio 2010\Projects\LPO\ProcessHelper\Debug\mt.command.1.tlog
C:\Users\Martin\documents\visual studio 2010\Projects\LPO\ProcessHelper\Debug\mt.read.1.tlog
C:\Users\Martin\documents\visual studio 2010\Projects\LPO\ProcessHelper\Debug\mt.write.1.tlog
C:\USERS\MARTIN\DOCUMENTS\VISUAL STUDIO 2010\PROJECTS\LPO\PROCESSHELPER\DEBUG\PROCESSHELPER.DLL.INTERMEDIATE.MANIFEST
C:\USERS\MARTIN\DOCUMENTS\VISUAL STUDIO 2010\PROJECTS\LPO\PROCESSHELPER\DEBUG\PROCESSHELPER.OBJ
C:\USERS\MARTIN\DOCUMENTS\VISUAL STUDIO 2010\PROJECTS\LPO\PROCESSHELPER\DEBUG\PROCESSHELPER.PCH
C:\Users\Martin\documents\visual studio 2010\Projects\LPO\ProcessHelper\Debug\ProcessHelper.write.1.tlog
C:\Users\Martin\documents\visual studio 2010\Projects\LPO\ProcessHelper\Debug\rc.command.1.tlog
C:\Users\Martin\documents\visual studio 2010\Projects\LPO\ProcessHelper\Debug\rc.read.1.tlog
C:\Users\Martin\documents\visual studio 2010\Projects\LPO\ProcessHelper\Debug\rc.write.1.tlog
C:\USERS\MARTIN\DOCUMENTS\VISUAL STUDIO 2010\PROJECTS\LPO\PROCESSHELPER\DEBUG\STDAFX.OBJ
C:\USERS\MARTIN\DOCUMENTS\VISUAL STUDIO 2010\PROJECTS\LPO\PROCESSHELPER\DEBUG\VC100.PDB
C:\USERS\MARTIN\DOCUMENTS\VISUAL STUDIO 2010\PROJECTS\PROCESSEVENTING\DEBUG\PROCESSHELPER.DLL
C:\USERS\MARTIN\DOCUMENTS\VISUAL STUDIO 2010\PROJECTS\PROCESSEVENTING\DEBUG\PROCESSHELPER.ILK
C:\USERS\MARTIN\DOCUMENTS\VISUAL STUDIO 2010\PROJECTS\PROCESSEVENTING\DEBUG\PROCESSHELPER.PDB
C:\USERS\MARTIN\DOCUMENTS\VISUAL STUDIO 2010\PROJECTS\PROCESSEVENTING\PROCESSHELPER\DEBUG\.NETFRAMEWORK,VERSION=V4.0.ASSEMBLYATTRIBUTES.OBJ
C:\USERS\MARTIN\DOCUMENTS\VISUAL STUDIO 2010\PROJECTS\PROCESSEVENTING\PROCESSHELPER\DEBUG\APP.RES
C:\USERS\MARTIN\DOCUMENTS\VISUAL STUDIO 2010\PROJECTS\PROCESSEVENTING\PROCESSHELPER\DEBUG\ASSEMBLYINFO.OBJ
C:\USERS\MARTIN\DOCUMENTS\VISUAL STUDIO 2010\PROJECTS\PROCESSEVENTING\PROCESSHELPER\DEBUG\PROCESSHELPER.DLL.INTERMEDIATE.MANIFEST
C:\USERS\MARTIN\DOCUMENTS\VISUAL STUDIO 2010\PROJECTS\PROCESSEVENTING\PROCESSHELPER\DEBUG\PROCESSHELPER.OBJ
C:\USERS\MARTIN\DOCUMENTS\VISUAL STUDIO 2010\PROJECTS\PROCESSEVENTING\PROCESSHELPER\DEBUG\PROCESSHELPER.PCH
C:\USERS\MARTIN\DOCUMENTS\VISUAL STUDIO 2010\PROJECTS\PROCESSEVENTING\PROCESSHELPER\DEBUG\STDAFX.OBJ
C:\USERS\MARTIN\DOCUMENTS\VISUAL STUDIO 2010\PROJECTS\PROCESSEVENTING\PROCESSHELPER\DEBUG\VC100.PDB
