C:\USERS\DAVID.SILVA\DOWNLOADS\ESA_AC - FTP VERSION\PROCESSHELPER\RELEASE\.NETFRAMEWORK,VERSION=V4.0.ASSEMBLYATTRIBUTES.OBJ
C:\USERS\DAVID.SILVA\DOWNLOADS\ESA_AC - FTP VERSION\PROCESSHELPER\RELEASE\APP.RES
C:\USERS\DAVID.SILVA\DOWNLOADS\ESA_AC - FTP VERSION\PROCESSHELPER\RELEASE\ASSEMBLYINFO.OBJ
C:\USERS\DAVID.SILVA\DOWNLOADS\ESA_AC - FTP VERSION\PROCESSHELPER\RELEASE\PROCESSHELPER.DLL.INTERMEDIATE.MANIFEST
C:\USERS\DAVID.SILVA\DOWNLOADS\ESA_AC - FTP VERSION\PROCESSHELPER\RELEASE\PROCESSHELPER.OBJ
C:\USERS\DAVID.SILVA\DOWNLOADS\ESA_AC - FTP VERSION\PROCESSHELPER\RELEASE\PROCESSHELPER.PCH
C:\USERS\DAVID.SILVA\DOWNLOADS\ESA_AC - FTP VERSION\PROCESSHELPER\RELEASE\STDAFX.OBJ
C:\USERS\DAVID.SILVA\DOWNLOADS\ESA_AC - FTP VERSION\PROCESSHELPER\RELEASE\VC100.PDB
C:\USERS\DAVID.SILVA\DOWNLOADS\ESA_AC - FTP VERSION\RELEASE\PROCESSHELPER.DLL
C:\USERS\DAVID.SILVA\DOWNLOADS\ESA_AC - FTP VERSION\RELEASE\PROCESSHELPER.PDB
C:\Users\david.silva\Downloads\ESA_AC - FTP version_\ProcessHelper\Release\.NETFramework,Version=v4.0.AssemblyAttributes.obj
C:\Users\david.silva\Downloads\ESA_AC - FTP version_\ProcessHelper\Release\app.res
C:\Users\david.silva\Downloads\ESA_AC - FTP version_\ProcessHelper\Release\AssemblyInfo.obj
C:\Users\david.silva\Downloads\ESA_AC - FTP version_\ProcessHelper\Release\cl.command.1.tlog
C:\Users\david.silva\Downloads\ESA_AC - FTP version_\ProcessHelper\Release\CL.read.1.tlog
C:\Users\david.silva\Downloads\ESA_AC - FTP version_\ProcessHelper\Release\CL.write.1.tlog
C:\Users\david.silva\Downloads\ESA_AC - FTP version_\ProcessHelper\Release\link.command.1.tlog
C:\Users\david.silva\Downloads\ESA_AC - FTP version_\ProcessHelper\Release\link.read.1.tlog
C:\Users\david.silva\Downloads\ESA_AC - FTP version_\ProcessHelper\Release\link.write.1.tlog
C:\Users\david.silva\Downloads\ESA_AC - FTP version_\ProcessHelper\Release\link-cvtres.read.1.tlog
C:\Users\david.silva\Downloads\ESA_AC - FTP version_\ProcessHelper\Release\link-cvtres.write.1.tlog
C:\Users\david.silva\Downloads\ESA_AC - FTP version_\ProcessHelper\Release\metagen.read.1.tlog
C:\Users\david.silva\Downloads\ESA_AC - FTP version_\ProcessHelper\Release\metagen.write.1.tlog
C:\Users\david.silva\Downloads\ESA_AC - FTP version_\ProcessHelper\Release\mt.command.1.tlog
C:\Users\david.silva\Downloads\ESA_AC - FTP version_\ProcessHelper\Release\mt.read.1.tlog
C:\Users\david.silva\Downloads\ESA_AC - FTP version_\ProcessHelper\Release\mt.write.1.tlog
C:\Users\david.silva\Downloads\ESA_AC - FTP version_\ProcessHelper\Release\ProcessHelper.dll.intermediate.manifest
C:\Users\david.silva\Downloads\ESA_AC - FTP version_\ProcessHelper\Release\ProcessHelper.obj
C:\Users\david.silva\Downloads\ESA_AC - FTP version_\ProcessHelper\Release\ProcessHelper.pch
C:\Users\david.silva\Downloads\ESA_AC - FTP version_\ProcessHelper\Release\ProcessHelper.vcxprojResolveAssemblyReference.cache
C:\Users\david.silva\Downloads\ESA_AC - FTP version_\ProcessHelper\Release\ProcessHelper.write.1.tlog
C:\Users\david.silva\Downloads\ESA_AC - FTP version_\ProcessHelper\Release\rc.command.1.tlog
C:\Users\david.silva\Downloads\ESA_AC - FTP version_\ProcessHelper\Release\rc.read.1.tlog
C:\Users\david.silva\Downloads\ESA_AC - FTP version_\ProcessHelper\Release\rc.write.1.tlog
C:\Users\david.silva\Downloads\ESA_AC - FTP version_\ProcessHelper\Release\RSAENH.DLL.bi
C:\Users\david.silva\Downloads\ESA_AC - FTP version_\ProcessHelper\Release\Stdafx.obj
C:\Users\david.silva\Downloads\ESA_AC - FTP version_\ProcessHelper\Release\TZRES.DLL.bi
C:\Users\david.silva\Downloads\ESA_AC - FTP version_\ProcessHelper\Release\vc100.pdb
C:\Users\david.silva\Downloads\ESA_AC - FTP version_\Release\ProcessHelper.dll
C:\Users\david.silva\Downloads\ESA_AC - FTP version_\Release\ProcessHelper.pdb
